<?xml version="1.0" encoding="UTF-8"?>
<testng-results skipped="0" failed="1" ignored="0" total="1" passed="0">
  <reporter-output>
  </reporter-output>
  <suite name="Default suite" duration-ms="3139" started-at="2020-08-31T20:40:57 CDT" finished-at="2020-08-31T20:41:00 CDT">
    <groups>
    </groups>
    <test name="Default test" duration-ms="3139" started-at="2020-08-31T20:40:57 CDT" finished-at="2020-08-31T20:41:00 CDT">
      <class name="Test.run_test">
        <test-method status="FAIL" signature="launch()[pri:0, instance:Test.run_test@6895a785]" name="launch" duration-ms="3098" started-at="2020-08-31T20:40:57 CDT" finished-at="2020-08-31T20:41:00 CDT">
          <exception class="org.openqa.selenium.SessionNotCreatedException">
            <message>
              <![CDATA[session not created: This version of ChromeDriver only supports Chrome version 83
Build info: version: '3.7.1', revision: '8a0099a', time: '2017-11-06T21:01:39.354Z'
System info: host: 'JYOTI-COMPUTER', ip: '192.168.117.1', os.name: 'Windows 10', os.arch: 'amd64', os.version: '10.0', java.version: '1.8.0_121'
Driver info: driver.version: ChromeDriver
remote stacktrace: Backtrace:
Ordinal0 [0x00409563+2725219]
Ordinal0 [0x00308551+1672529]
Ordinal0 [0x001F0359+525145]
Ordinal0 [0x00180B77+68471]
Ordinal0 [0x0017D32C+54060]
Ordinal0 [0x0019CC37+183351]
Ordinal0 [0x0019CA3D+182845]
Ordinal0 [0x0019A94B+174411]
Ordinal0 [0x00182528+75048]
Ordinal0 [0x001835A0+79264]
Ordinal0 [0x00183539+79161]
Ordinal0 [0x0031D607+1758727]
GetHandleVerifier [0x00526546+1050150]
GetHandleVerifier [0x00526291+1049457]
GetHandleVerifier [0x005310D7+1094071]
GetHandleVerifier [0x00526B46+1051686]
Ordinal0 [0x00315B06+1727238]
Ordinal0 [0x0031EB7B+1764219]
Ordinal0 [0x0031ECE3+1764579]
Ordinal0 [0x00334C05+1854469]
BaseThreadInitThunk [0x75DD6359+25]
RtlGetAppContainerNamedObjectPath [0x77BA7C24+228]
RtlGetAppContainerNamedObjectPath [0x77BA7BF4+180]
]]>
            </message>
            <full-stacktrace>
              <![CDATA[org.openqa.selenium.SessionNotCreatedException: session not created: This version of ChromeDriver only supports Chrome version 83
Build info: version: '3.7.1', revision: '8a0099a', time: '2017-11-06T21:01:39.354Z'
System info: host: 'JYOTI-COMPUTER', ip: '192.168.117.1', os.name: 'Windows 10', os.arch: 'amd64', os.version: '10.0', java.version: '1.8.0_121'
Driver info: driver.version: ChromeDriver
remote stacktrace: Backtrace:
Ordinal0 [0x00409563+2725219]
Ordinal0 [0x00308551+1672529]
Ordinal0 [0x001F0359+525145]
Ordinal0 [0x00180B77+68471]
Ordinal0 [0x0017D32C+54060]
Ordinal0 [0x0019CC37+183351]
Ordinal0 [0x0019CA3D+182845]
Ordinal0 [0x0019A94B+174411]
Ordinal0 [0x00182528+75048]
Ordinal0 [0x001835A0+79264]
Ordinal0 [0x00183539+79161]
Ordinal0 [0x0031D607+1758727]
GetHandleVerifier [0x00526546+1050150]
GetHandleVerifier [0x00526291+1049457]
GetHandleVerifier [0x005310D7+1094071]
GetHandleVerifier [0x00526B46+1051686]
Ordinal0 [0x00315B06+1727238]
Ordinal0 [0x0031EB7B+1764219]
Ordinal0 [0x0031ECE3+1764579]
Ordinal0 [0x00334C05+1854469]
BaseThreadInitThunk [0x75DD6359+25]
RtlGetAppContainerNamedObjectPath [0x77BA7C24+228]
RtlGetAppContainerNamedObjectPath [0x77BA7BF4+180]

at sun.reflect.NativeConstructorAccessorImpl.newInstance0(Native Method)
at sun.reflect.NativeConstructorAccessorImpl.newInstance(NativeConstructorAccessorImpl.java:62)
at sun.reflect.DelegatingConstructorAccessorImpl.newInstance(DelegatingConstructorAccessorImpl.java:45)
at java.lang.reflect.Constructor.newInstance(Constructor.java:423)
at org.openqa.selenium.remote.W3CHandshakeResponse.lambda$new$0(W3CHandshakeResponse.java:57)
at org.openqa.selenium.remote.W3CHandshakeResponse.lambda$getResponseFunction$2(W3CHandshakeResponse.java:104)
at org.openqa.selenium.remote.ProtocolHandshake.lambda$createSession$0(ProtocolHandshake.java:123)
at java.util.stream.ReferencePipeline$3$1.accept(ReferencePipeline.java:193)
at java.util.Spliterators$ArraySpliterator.tryAdvance(Spliterators.java:958)
at java.util.stream.ReferencePipeline.forEachWithCancel(ReferencePipeline.java:126)
at java.util.stream.AbstractPipeline.copyIntoWithCancel(AbstractPipeline.java:498)
at java.util.stream.AbstractPipeline.copyInto(AbstractPipeline.java:485)
at java.util.stream.AbstractPipeline.wrapAndCopyInto(AbstractPipeline.java:471)
at java.util.stream.FindOps$FindOp.evaluateSequential(FindOps.java:152)
at java.util.stream.AbstractPipeline.evaluate(AbstractPipeline.java:234)
at java.util.stream.ReferencePipeline.findFirst(ReferencePipeline.java:464)
at org.openqa.selenium.remote.ProtocolHandshake.createSession(ProtocolHandshake.java:126)
at org.openqa.selenium.remote.ProtocolHandshake.createSession(ProtocolHandshake.java:73)
at org.openqa.selenium.remote.HttpCommandExecutor.execute(HttpCommandExecutor.java:142)
at org.openqa.selenium.remote.service.DriverCommandExecutor.execute(DriverCommandExecutor.java:83)
at org.openqa.selenium.remote.RemoteWebDriver.execute(RemoteWebDriver.java:600)
at org.openqa.selenium.remote.RemoteWebDriver.startSession(RemoteWebDriver.java:219)
at org.openqa.selenium.remote.RemoteWebDriver.<init>(RemoteWebDriver.java:142)
at org.openqa.selenium.chrome.ChromeDriver.<init>(ChromeDriver.java:181)
at org.openqa.selenium.chrome.ChromeDriver.<init>(ChromeDriver.java:168)
at org.openqa.selenium.chrome.ChromeDriver.<init>(ChromeDriver.java:123)
at util.Browser.launch(Browser.java:16)
at Test.run_test.launch(run_test.java:19)
at sun.reflect.NativeMethodAccessorImpl.invoke0(Native Method)
at sun.reflect.NativeMethodAccessorImpl.invoke(NativeMethodAccessorImpl.java:62)
at sun.reflect.DelegatingMethodAccessorImpl.invoke(DelegatingMethodAccessorImpl.java:43)
at java.lang.reflect.Method.invoke(Method.java:498)
at org.testng.internal.MethodInvocationHelper.invokeMethod(MethodInvocationHelper.java:135)
at org.testng.internal.TestInvoker.invokeMethod(TestInvoker.java:598)
at org.testng.internal.TestInvoker.invokeTestMethod(TestInvoker.java:174)
at org.testng.internal.MethodRunner.runInSequence(MethodRunner.java:46)
at org.testng.internal.TestInvoker$MethodInvocationAgent.invoke(TestInvoker.java:821)
at org.testng.internal.TestInvoker.invokeTestMethods(TestInvoker.java:147)
at org.testng.internal.TestMethodWorker.invokeTestMethods(TestMethodWorker.java:146)
at org.testng.internal.TestMethodWorker.run(TestMethodWorker.java:128)
at java.util.ArrayList.forEach(ArrayList.java:1249)
at org.testng.TestRunner.privateRun(TestRunner.java:767)
at org.testng.TestRunner.run(TestRunner.java:588)
at org.testng.SuiteRunner.runTest(SuiteRunner.java:384)
at org.testng.SuiteRunner.runSequentially(SuiteRunner.java:378)
at org.testng.SuiteRunner.privateRun(SuiteRunner.java:337)
at org.testng.SuiteRunner.run(SuiteRunner.java:286)
at org.testng.SuiteRunnerWorker.runSuite(SuiteRunnerWorker.java:53)
at org.testng.SuiteRunnerWorker.run(SuiteRunnerWorker.java:96)
at org.testng.TestNG.runSuitesSequentially(TestNG.java:1214)
at org.testng.TestNG.runSuitesLocally(TestNG.java:1136)
at org.testng.TestNG.runSuites(TestNG.java:1066)
at org.testng.TestNG.run(TestNG.java:1034)
at org.testng.remote.AbstractRemoteTestNG.run(AbstractRemoteTestNG.java:115)
at org.testng.remote.RemoteTestNG.initAndRun(RemoteTestNG.java:251)
at org.testng.remote.RemoteTestNG.main(RemoteTestNG.java:77)
]]>
            </full-stacktrace>
          </exception> <!-- org.openqa.selenium.SessionNotCreatedException -->
          <reporter-output>
          </reporter-output>
        </test-method> <!-- launch -->
      </class> <!-- Test.run_test -->
    </test> <!-- Default test -->
  </suite> <!-- Default suite -->
</testng-results>
